<?xml version="1.0" encoding="utf-8"?>
<TestRun id="e70a511e-0bfb-420b-8259-d0a72fdba1a0" name="user@machine 2026-01-01 00:00:00" runUser="user">
  <Times creation="2026-01-01T00:00:00.0000000+00:00" queuing="2026-01-01T00:00:00.0000001+00:00" start="2026-01-01T00:00:00.0000002+00:00" finish="2026-01-01T00:00:01.0000000+00:00" />
  <TestSettings name="default" id="e738a127-b106-49cf-8a3d-f73e3c609f43">
    <Deployment runDeploymentRoot="user_machine_2026-01-01_00_00_00" />
  </TestSettings>
  <Results>
    <UnitTestResult executionId="d29a42b5-85e5-4de5-8485-488b36990291" testId="69bf1a74-6bd3-1b8d-520d-c9801d194c51" testName="Acme.Tests.MathTests.AddNumbers(left: 1, right: 2)" computerName="machine" duration="00:00:00.0002264" startTime="2026-01-01T00:00:00.5000000+00:00" endTime="2026-01-01T00:00:00.5002264+00:00" testType="13cdc9d9-ddb5-4fa4-a97d-d965ccfc6d4b" outcome="Passed" testListId="8c84fa94-04c1-424b-9868-57a2d4851a1d" relativeResultsDirectory="d29a42b5-85e5-4de5-8485-488b36990291" />
    <UnitTestResult executionId="a1fa9069-44cf-41cb-96c9-11f88e879548" testId="718be9ec-e1ee-2f03-4dd6-5b464b52a593" testName="Acme.Tests.MathTests.AddNumbers(left: 0, right: 0)" computerName="machine" duration="00:00:00.0175485" startTime="2026-01-01T00:00:00.5200000+00:00" endTime="2026-01-01T00:00:00.5375485+00:00" testType="13cdc9d9-ddb5-4fa4-a97d-d965ccfc6d4b" outcome="Passed" testListId="8c84fa94-04c1-424b-9868-57a2d4851a1d" relativeResultsDirectory="a1fa9069-44cf-41cb-96c9-11f88e879548" />
    <UnitTestResult executionId="003fc356-5ae3-4120-a0e8-8ca8ff6d9caa" testId="2f0a2807-568e-bacb-3945-4a25878eaf48" testName="Acme.Tests.MathTests.PlainTest" computerName="machine" duration="00:00:00.0010569" startTime="2026-01-01T00:00:00.5380000+00:00" endTime="2026-01-01T00:00:00.5390569+00:00" testType="13cdc9d9-ddb5-4fa4-a97d-d965ccfc6d4b" outcome="Passed" testListId="8c84fa94-04c1-424b-9868-57a2d4851a1d" relativeResultsDirectory="003fc356-5ae3-4120-a0e8-8ca8ff6d9caa" />
  </Results>
  <TestDefinitions>
    <UnitTest name="Acme.Tests.MathTests.AddNumbers(left: 0, right: 0)" storage="c:\acme\tests\bin\debug\net10.0\acme.tests.dll" id="718be9ec-e1ee-2f03-4dd6-5b464b52a593">
      <Execution id="a1fa9069-44cf-41cb-96c9-11f88e879548" />
      <TestMethod codeBase="C:\acme\tests\bin\debug\net10.0\acme.tests.dll" adapterTypeName="executor://xunit/VsTestRunner3/netcore/" className="Acme.Tests.MathTests" name="AddNumbers" />
    </UnitTest>
    <UnitTest name="Acme.Tests.MathTests.PlainTest" storage="c:\acme\tests\bin\debug\net10.0\acme.tests.dll" id="2f0a2807-568e-bacb-3945-4a25878eaf48">
      <Execution id="003fc356-5ae3-4120-a0e8-8ca8ff6d9caa" />
      <TestMethod codeBase="C:\acme\tests\bin\debug\net10.0\acme.tests.dll" adapterTypeName="executor://xunit/VsTestRunner3/netcore/" className="Acme.Tests.MathTests" name="PlainTest" />
    </UnitTest>
    <UnitTest name="Acme.Tests.MathTests.AddNumbers(left: 1, right: 2)" storage="c:\acme\tests\bin\debug\net10.0\acme.tests.dll" id="69bf1a74-6bd3-1b8d-520d-c9801d194c51">
      <Execution id="d29a42b5-85e5-4de5-8485-488b36990291" />
      <TestMethod codeBase="C:\acme\tests\bin\debug\net10.0\acme.tests.dll" adapterTypeName="executor://xunit/VsTestRunner3/netcore/" className="Acme.Tests.MathTests" name="AddNumbers" />
    </UnitTest>
  </TestDefinitions>
  <TestEntries>
    <TestEntry testId="69bf1a74-6bd3-1b8d-520d-c9801d194c51" executionId="d29a42b5-85e5-4de5-8485-488b36990291" testListId="8c84fa94-04c1-424b-9868-57a2d4851a1d" />
    <TestEntry testId="718be9ec-e1ee-2f03-4dd6-5b464b52a593" executionId="a1fa9069-44cf-41cb-96c9-11f88e879548" testListId="8c84fa94-04c1-424b-9868-57a2d4851a1d" />
    <TestEntry testId="2f0a2807-568e-bacb-3945-4a25878eaf48" executionId="003fc356-5ae3-4120-a0e8-8ca8ff6d9caa" testListId="8c84fa94-04c1-424b-9868-57a2d4851a1d" />
  </TestEntries>
  <TestLists>
    <TestList name="Results Not in a List" id="8c84fa94-04c1-424b-9868-57a2d4851a1d" />
    <TestList name="All Loaded Results" id="19431567-8539-422a-85d7-44ee4e166bda" />
  </TestLists>
  <ResultSummary outcome="Completed">
    <Counters total="3" executed="3" passed="3" failed="0" error="0" timeout="0" aborted="0" inconclusive="0" passedButRunAborted="0" notRunnable="0" notExecuted="0" disconnected="0" warning="0" completed="0" inProgress="0" pending="0" />
  </ResultSummary>
</TestRun>
