<?xml version="1.0" encoding="utf-8"?>
<TestRun id="e70a511e-0bfb-420b-8259-d0a72fdba1a0" name="sample@MACHINE 2026-05-16 21:39:55" runUser="MACHINE\sample" xmlns="http://microsoft.com/schemas/VisualStudio/TeamTest/2010">
  <Times creation="2026-05-16T21:39:55.3918046-07:00" queuing="2026-05-16T21:39:55.3918050-07:00" start="2026-05-16T21:39:54.5463544-07:00" finish="2026-05-16T21:39:55.3962459-07:00" />
  <TestSettings name="default" id="e738a127-b106-49cf-8a3d-f73e3c609f43">
    <Deployment runDeploymentRoot="sample_MACHINE_2026-05-16_21_39_55" />
  </TestSettings>
  <Results>
    <UnitTestResult executionId="d29a42b5-85e5-4de5-8485-488b36990291" testId="69bf1a74-6bd3-1b8d-520d-c9801d194c51" testName="Acme.Tests.MathTests.AddNumbers(left: 1, right: 2)" computerName="MACHINE" duration="00:00:00.0002264" startTime="2026-05-16T21:39:55.2985338-07:00" endTime="2026-05-16T21:39:55.2989500-07:00" testType="13cdc9d9-ddb5-4fa4-a97d-d965ccfc6d4b" outcome="Passed" testListId="8c84fa94-04c1-424b-9868-57a2d4851a1d" relativeResultsDirectory="d29a42b5-85e5-4de5-8485-488b36990291" />
    <UnitTestResult executionId="a1fa9069-44cf-41cb-96c9-11f88e879548" testId="718be9ec-e1ee-2f03-4dd6-5b464b52a593" testName="Acme.Tests.MathTests.AddNumbers(left: 0, right: 0)" computerName="MACHINE" duration="00:00:00.0175485" startTime="2026-05-16T21:39:55.2666361-07:00" endTime="2026-05-16T21:39:55.2903128-07:00" testType="13cdc9d9-ddb5-4fa4-a97d-d965ccfc6d4b" outcome="Passed" testListId="8c84fa94-04c1-424b-9868-57a2d4851a1d" relativeResultsDirectory="a1fa9069-44cf-41cb-96c9-11f88e879548" />
    <UnitTestResult executionId="003fc356-5ae3-4120-a0e8-8ca8ff6d9caa" testId="2f0a2807-568e-bacb-3945-4a25878eaf48" testName="Acme.Tests.MathTests.PlainTest" computerName="MACHINE" duration="00:00:00.0010569" startTime="2026-05-16T21:39:55.2999872-07:00" endTime="2026-05-16T21:39:55.3000209-07:00" testType="13cdc9d9-ddb5-4fa4-a97d-d965ccfc6d4b" outcome="Passed" testListId="8c84fa94-04c1-424b-9868-57a2d4851a1d" relativeResultsDirectory="003fc356-5ae3-4120-a0e8-8ca8ff6d9caa" />
  </Results>
  <TestDefinitions>
    <UnitTest name="Acme.Tests.MathTests.AddNumbers(left: 0, right: 0)" storage="d:\trxlib\trxlib.tests\bin\debug\net10.0\trxlib.tests.dll" id="718be9ec-e1ee-2f03-4dd6-5b464b52a593">
      <Execution id="a1fa9069-44cf-41cb-96c9-11f88e879548" />
      <TestMethod codeBase="D:\TrxLib\TrxLib.Tests\bin\Debug\net10.0\TrxLib.Tests.dll" adapterTypeName="executor://xunit/VsTestRunner3/netcore/" className="Acme.Tests.MathTests" name="AddNumbers" />
    </UnitTest>
    <UnitTest name="Acme.Tests.MathTests.PlainTest" storage="d:\trxlib\trxlib.tests\bin\debug\net10.0\trxlib.tests.dll" id="2f0a2807-568e-bacb-3945-4a25878eaf48">
      <Execution id="003fc356-5ae3-4120-a0e8-8ca8ff6d9caa" />
      <TestMethod codeBase="D:\TrxLib\TrxLib.Tests\bin\Debug\net10.0\TrxLib.Tests.dll" adapterTypeName="executor://xunit/VsTestRunner3/netcore/" className="Acme.Tests.MathTests" name="PlainTest" />
    </UnitTest>
    <UnitTest name="Acme.Tests.MathTests.AddNumbers(left: 1, right: 2)" storage="d:\trxlib\trxlib.tests\bin\debug\net10.0\trxlib.tests.dll" id="69bf1a74-6bd3-1b8d-520d-c9801d194c51">
      <Execution id="d29a42b5-85e5-4de5-8485-488b36990291" />
      <TestMethod codeBase="D:\TrxLib\TrxLib.Tests\bin\Debug\net10.0\TrxLib.Tests.dll" adapterTypeName="executor://xunit/VsTestRunner3/netcore/" className="Acme.Tests.MathTests" name="AddNumbers" />
    </UnitTest>
  </TestDefinitions>
  <TestEntries>
    <TestEntry testId="69bf1a74-6bd3-1b8d-520d-c9801d194c51" executionId="d29a42b5-85e5-4de5-8485-488b36990291" testListId="8c84fa94-04c1-424b-9868-57a2d4851a1d" />
    <TestEntry testId="718be9ec-e1ee-2f03-4dd6-5b464b52a593" executionId="a1fa9069-44cf-41cb-96c9-11f88e879548" testListId="8c84fa94-04c1-424b-9868-57a2d4851a1d" />
    <TestEntry testId="2f0a2807-568e-bacb-3945-4a25878eaf48" executionId="003fc356-5ae3-4120-a0e8-8ca8ff6d9caa" testListId="8c84fa94-04c1-424b-9868-57a2d4851a1d" />
  </TestEntries>
  <TestLists>
    <TestList name="Results Not in a List" id="8c84fa94-04c1-424b-9868-57a2d4851a1d" />
    <TestList name="All Loaded Results" id="19431567-8539-422a-85d7-44ee4e166bda" />
  </TestLists>
  <ResultSummary outcome="Completed">
    <Counters total="3" executed="3" passed="3" failed="0" error="0" timeout="0" aborted="0" inconclusive="0" passedButRunAborted="0" notRunnable="0" notExecuted="0" disconnected="0" warning="0" completed="0" inProgress="0" pending="0" />
    <Output>
      <StdOut>[xUnit.net 00:00:00.00] xUnit.net VSTest Adapter v3.1.5+1b188a7b0a (64-bit .NET 10.0.8)&#xD;
[xUnit.net 00:00:00.08]   Discovering: TrxLib.Tests&#xD;
[xUnit.net 00:00:00.13]   Discovered:  TrxLib.Tests&#xD;
[xUnit.net 00:00:00.15]   Starting:    TrxLib.Tests&#xD;
[xUnit.net 00:00:00.20]   Finished:    TrxLib.Tests&#xD;
</StdOut>
    </Output>
  </ResultSummary>
</TestRun>
